<?xml version="1.0" encoding="UTF-8"?>
<testsuite xmlns:xsi="http://www.w3.org/2001/XMLSchema-instance" xsi:noNamespaceSchemaLocation="https://maven.apache.org/surefire/maven-surefire-plugin/xsd/surefire-test-report.xsd" version="3.0.2" name="com.SCdl.web.SistemaComparativoDeLicitacoesApplicationTests" time="4.276" tests="1" errors="0" skipped="0" failures="0">
  <properties>
[...]
</properties>
  <testcase name="contextLoads" classname="com.SCdl.web.SistemaComparativoDeLicitacoesApplicationTests" time="0.49">
    <system-out><![CDATA[21:54:28.912 [main] INFO org.springframework.test.context.support.AnnotationConfigContextLoaderUtils -- Could not detect default configuration classes for test class [com.SCdl.web.SistemaComparativoDeLicitacoesApplicationTests]: SistemaComparativoDeLicitacoesApplicationTests does not declare any static, non-private, non-final, nested classes annotated with @Configuration.
21:54:29.013 [main] INFO org.springframework.boot.test.context.SpringBootTestContextBootstrapper -- Found @SpringBootConfiguration com.SCdl.web.SistemaComparativoDeLicitacoesApplication for test class com.SCdl.web.SistemaComparativoDeLicitacoesApplicationTests
21:54:29.138 [main] INFO org.springframework.boot.devtools.restart.RestartApplicationListener -- Restart disabled due to context in which it is running

  .   ____          _            __ _ _
 /\\ / ___'_ __ _ _(_)_ __  __ _ \ \ \ \
( ( )\___ | '_ | '_| | '_ \/ _` | \ \ \ \
 \\/  ___)| |_)| | | | | || (_| |  ) ) ) )
  '  |____| .__|_| |_|_| |_\__, | / / / /
 =========|_|==============|___/=/_/_/_/

 :: Spring Boot ::                (v3.5.7)

2025-12-08T21:54:29.364-03:00  INFO 11748 --- [Sistema Comparativo de Licitacoes] [           main] aComparativoDeLicitacoesApplicationTests : Starting SistemaComparativoDeLicitacoesApplicationTests using Java 25 with PID 11748 (started by hduar in C:\dev\SCdL-Web\back_SCdl)
2025-12-08T21:54:29.365-03:00  INFO 11748 --- [Sistema Comparativo de Licitacoes] [           main] aComparativoDeLicitacoesApplicationTests : No active profile set, falling back to 1 default profile: "default"
2025-12-08T21:54:29.925-03:00  INFO 11748 --- [Sistema Comparativo de Licitacoes] [           main] .s.d.r.c.RepositoryConfigurationDelegate : Bootstrapping Spring Data JPA repositories in DEFAULT mode.
2025-12-08T21:54:29.981-03:00  INFO 11748 --- [Sistema Comparativo de Licitacoes] [           main] .s.d.r.c.RepositoryConfigurationDelegate : Finished Spring Data repository scanning in 47 ms. Found 1 JPA repository interface.
2025-12-08T21:54:30.353-03:00  INFO 11748 --- [Sistema Comparativo de Licitacoes] [           main] com.zaxxer.hikari.HikariDataSource       : HikariPool-1 - Starting...
2025-12-08T21:54:30.635-03:00  INFO 11748 --- [Sistema Comparativo de Licitacoes] [           main] com.zaxxer.hikari.pool.HikariPool        : HikariPool-1 - Added connection conn0: url=jdbc:h2:mem:testdb user=SA
2025-12-08T21:54:30.637-03:00  INFO 11748 --- [Sistema Comparativo de Licitacoes] [           main] com.zaxxer.hikari.HikariDataSource       : HikariPool-1 - Start completed.
2025-12-08T21:54:30.673-03:00  INFO 11748 --- [Sistema Comparativo de Licitacoes] [           main] o.hibernate.jpa.internal.util.LogHelper  : HHH000204: Processing PersistenceUnitInfo [name: default]
2025-12-08T21:54:30.721-03:00  INFO 11748 --- [Sistema Comparativo de Licitacoes] [           main] org.hibernate.Version                    : HHH000412: Hibernate ORM core version 6.6.33.Final
2025-12-08T21:54:30.750-03:00  INFO 11748 --- [Sistema Comparativo de Licitacoes] [           main] o.h.c.internal.RegionFactoryInitiator    : HHH000026: Second-level cache disabled
2025-12-08T21:54:31.032-03:00  INFO 11748 --- [Sistema Comparativo de Licitacoes] [           main] o.s.o.j.p.SpringPersistenceUnitInfo      : No LoadTimeWeaver setup: ignoring JPA class transformer
2025-12-08T21:54:31.089-03:00  INFO 11748 --- [Sistema Comparativo de Licitacoes] [           main] org.hibernate.orm.connections.pooling    : HHH10001005: Database info:
	Database JDBC URL [Connecting through datasource 'HikariDataSource (HikariPool-1)']
	Database driver: undefined/unknown
	Database version: 2.3.232
	Autocommit mode: undefined/unknown
	Isolation level: undefined/unknown
	Minimum pool size: undefined/unknown
	Maximum pool size: undefined/unknown
2025-12-08T21:54:31.691-03:00  INFO 11748 --- [Sistema Comparativo de Licitacoes] [           main] o.h.e.t.j.p.i.JtaPlatformInitiator       : HHH000489: No JTA platform available (set 'hibernate.transaction.jta.platform' to enable JTA platform integration)
2025-12-08T21:54:31.715-03:00  INFO 11748 --- [Sistema Comparativo de Licitacoes] [           main] j.LocalContainerEntityManagerFactoryBean : Initialized JPA EntityManagerFactory for persistence unit 'default'
2025-12-08T21:54:32.001-03:00  WARN 11748 --- [Sistema Comparativo de Licitacoes] [           main] JpaBaseConfiguration$JpaWebConfiguration : spring.jpa.open-in-view is enabled by default. Therefore, database queries may be performed during view rendering. Explicitly configure spring.jpa.open-in-view to disable this warning
2025-12-08T21:54:32.183-03:00  INFO 11748 --- [Sistema Comparativo de Licitacoes] [           main] r$InitializeUserDetailsManagerConfigurer : Global AuthenticationManager configured with UserDetailsService bean with name customUserDetailsService
2025-12-08T21:54:32.552-03:00  INFO 11748 --- [Sistema Comparativo de Licitacoes] [           main] aComparativoDeLicitacoesApplicationTests : Started SistemaComparativoDeLicitacoesApplicationTests in 3.423 seconds (process running for 4.309)
]]></system-out>
    <system-err><![CDATA[Mockito is currently self-attaching to enable the inline-mock-maker. This will no longer work in future releases of the JDK. Please add Mockito as an agent to your build as described in Mockito's documentation: https://javadoc.io/doc/org.mockito/mockito-core/latest/org.mockito/org/mockito/Mockito.html#0.3
WARNING: A Java agent has been loaded dynamically (C:\Users\hduar\.m2\repository\net\bytebuddy\byte-buddy-agent\1.17.8\byte-buddy-agent-1.17.8.jar)
WARNING: If a serviceability tool is in use, please run with -XX:+EnableDynamicAgentLoading to hide this warning
WARNING: If a serviceability tool is not in use, please run with -Djdk.instrument.traceUsage for more information
WARNING: Dynamic loading of agents will be disallowed by default in a future release
]]></system-err>
  </testcase>
</testsuite>